<?xml version="1.0" encoding="UTF-8"?>
<testsuite name="com.antigravity.gesture.HandGestureDetectorTest" tests="4" skipped="0" failures="0" errors="0" timestamp="2026-06-02T19:54:00.158Z" hostname="LAPTOP-CMLLTHNN" time="0.006">
  <properties/>
  <testcase name="testDistanceFormula" classname="com.antigravity.gesture.HandGestureDetectorTest" time="0.004"/>
  <testcase name="testIsFingerFolded" classname="com.antigravity.gesture.HandGestureDetectorTest" time="0.0"/>
  <testcase name="testRecognizeFistAsActivate" classname="com.antigravity.gesture.HandGestureDetectorTest" time="0.0"/>
  <testcase name="testRecognizePinchAsActivate" classname="com.antigravity.gesture.HandGestureDetectorTest" time="0.001"/>
  <system-out><![CDATA[]]></system-out>
  <system-err><![CDATA[]]></system-err>
</testsuite>
